<?xml version="1.0" encoding="UTF-8"?>
<!-- Generated by org.testng.reporters.JUnitReportReporter -->
<testsuite hostname="LTIN-APLR1XFYF7604" failures="0" tests="2" name="com.automationexercises.testCases.TC_contactUsTest_001" time="16.594" errors="0" timestamp="2022-12-30T02:13:41 IST" skipped="0">
  <testcase classname="com.automationexercises.testCases.TC_contactUsTest_001" name="homePageTest" time="4.854"/>
  <system-out/>
  <testcase classname="com.automationexercises.testCases.TC_contactUsTest_001" name="contactUsTest" time="11.740"/>
  <system-out/>
</testsuite> <!-- com.automationexercises.testCases.TC_contactUsTest_001 -->
