<?xml version="1.0" encoding="UTF-8"?>
<!-- Generated by org.testng.reporters.JUnitReportReporter -->
<testsuite hostname="LTIN-APLR1XFYF7604" failures="0" tests="4" name="com.tests.ProductPageTest_002" time="39.310" errors="0" timestamp="2023-01-02T23:59:57 IST" skipped="0">
  <testcase classname="com.tests.ProductPageTest_002" name="homePageTest" time="12.733"/>
  <system-out/>
  <testcase classname="com.tests.ProductPageTest_002" name="clickProductValidation" time="6.550"/>
  <system-out/>
  <testcase classname="com.tests.ProductPageTest_002" name="searchedProductsValidation" time="10.321"/>
  <system-out/>
  <testcase classname="com.tests.ProductPageTest_002" name="cartValidation" time="9.706"/>
  <system-out/>
</testsuite> <!-- com.tests.ProductPageTest_002 -->
