<?xml version="1.0" encoding="UTF-8"?>
<!-- Generated by org.testng.reporters.JUnitReportReporter -->
<testsuite hostname="LTIN-APLR1XFYF7604" failures="0" tests="1" name="com.automationexercises.testCases.TC_homePageTest_001" time="16.096" errors="0" timestamp="2023-01-02T20:58:39 IST" skipped="0">
  <testcase classname="com.automationexercises.testCases.TC_homePageTest_001" name="homePageTest" time="16.096"/>
  <system-out/>
</testsuite> <!-- com.automationexercises.testCases.TC_homePageTest_001 -->
