<?xml version="1.0" encoding="UTF-8"?>
<!-- Generated by org.testng.reporters.JUnitReportReporter -->
<testsuite hostname="LTIN-APLR1XFYF7604" failures="0" tests="2" name="com.automationexercises.testCases.TC_contactUsTest_001" time="20.241" errors="0" timestamp="2022-12-30T21:15:05 IST" skipped="0">
  <testcase classname="com.automationexercises.testCases.TC_contactUsTest_001" name="homePageTest" time="12.032"/>
  <system-out/>
  <testcase classname="com.automationexercises.testCases.TC_contactUsTest_001" name="contactUsTest" time="8.209"/>
  <system-out>
    <![CDATA[Contact Us Clicked
Feedback Submit
Verify Success Message
Home on nav clicked
Homepage Verified]]>
  </system-out>
</testsuite> <!-- com.automationexercises.testCases.TC_contactUsTest_001 -->
