<?xml version="1.0" encoding="UTF-8"?>
<!-- Generated by org.testng.reporters.JUnitReportReporter -->
<testsuite hostname="LTIN-APLR1XFYF7604" failures="0" tests="1" name="com.automationexercises.testCases.TC_homePageTest_001" time="15.858" errors="0" timestamp="2022-12-29T13:06:53 IST" skipped="0">
  <testcase classname="com.automationexercises.testCases.TC_homePageTest_001" name="homePageTest" time="15.858"/>
  <system-out/>
</testsuite> <!-- com.automationexercises.testCases.TC_homePageTest_001 -->
