<?xml version="1.0" encoding="UTF-8"?>
<!-- Generated by org.testng.reporters.JUnitReportReporter -->
<testsuite hostname="LTIN-APLR1XFYF7604" failures="0" tests="6" name="com.tests.ContactUsTest" time="20.091" errors="0" timestamp="2023-01-02T23:20:41 IST" skipped="0">
  <testcase classname="com.tests.ContactUsTest" name="homePageTest" time="12.145"/>
  <system-out/>
  <testcase classname="com.tests.ContactUsTest" name="clickContactValidation" time="6.884"/>
  <system-out>
    <![CDATA[Contact Us Clicked]]>
  </system-out>
  <testcase classname="com.tests.ContactUsTest" name="fillContactUsForm" time="0.537"/>
  <system-out/>
  <testcase classname="com.tests.ContactUsTest" name="submitContactUsForm" time="0.087"/>
  <system-out>
    <![CDATA[Feedback Submit]]>
  </system-out>
  <testcase classname="com.tests.ContactUsTest" name="contactAlertValidation" time="0.317"/>
  <system-out>
    <![CDATA[Alert on contact us page accepted
Verify Success Message]]>
  </system-out>
  <testcase classname="com.tests.ContactUsTest" name="goBackHomeValidation" time="0.121"/>
  <system-out>
    <![CDATA[Home on nav clicked
Homepage Verified]]>
  </system-out>
</testsuite> <!-- com.tests.ContactUsTest -->
