<?xml version="1.0" encoding="UTF-8"?>
<!-- Generated by org.testng.reporters.JUnitReportReporter -->
<testsuite hostname="LTIN-APLR1XFYF7604" failures="0" tests="6" name="com.automationexercises.tests.ContactUsTest_001" time="21.489" errors="0" timestamp="2023-01-03T15:35:42 IST" skipped="0">
  <testcase classname="com.automationexercises.tests.ContactUsTest_001" name="homePageTest" time="10.061"/>
  <system-out/>
  <testcase classname="com.automationexercises.tests.ContactUsTest_001" name="clickContactValidation" time="2.834"/>
  <system-out>
    <![CDATA[Contact Us Clicked]]>
  </system-out>
  <testcase classname="com.automationexercises.tests.ContactUsTest_001" name="fillContactUsForm" time="0.078"/>
  <system-out/>
  <testcase classname="com.automationexercises.tests.ContactUsTest_001" name="submitContactUsForm" time="0.107"/>
  <system-out>
    <![CDATA[Feedback Submit]]>
  </system-out>
  <testcase classname="com.automationexercises.tests.ContactUsTest_001" name="contactAlertValidation" time="0.073"/>
  <system-out>
    <![CDATA[Alert on contact us page accepted
Verify Success Message]]>
  </system-out>
  <testcase classname="com.automationexercises.tests.ContactUsTest_001" name="goBackHomeValidation" time="8.336"/>
  <system-out>
    <![CDATA[Home on nav clicked
Homepage Verified]]>
  </system-out>
</testsuite> <!-- com.automationexercises.tests.ContactUsTest_001 -->
