<?xml version="1.0" encoding="UTF-8"?>
<!-- Generated by org.testng.reporters.JUnitReportReporter -->
<testsuite hostname="LTIN-APLR1XFYF7604" failures="0" tests="2" name="com.automationexercises.testCases.TC_productPageTest_001" time="53.183" errors="0" timestamp="2022-12-30T20:48:01 IST" skipped="0">
  <testcase classname="com.automationexercises.testCases.TC_productPageTest_001" name="homePageTest" time="15.997"/>
  <system-out/>
  <testcase classname="com.automationexercises.testCases.TC_productPageTest_001" name="productPageTest" time="37.186"/>
  <system-out/>
</testsuite> <!-- com.automationexercises.testCases.TC_productPageTest_001 -->
