<?xml version="1.0" encoding="UTF-8"?>
<!-- Generated by org.testng.reporters.JUnitReportReporter -->
<testsuite hostname="LTIN-APLR1XFYF7604" failures="0" tests="2" name="com.automation.automationexercises.testscenarios.HomePageTest" time="12.048" errors="0" timestamp="2022-12-27T22:17:11 IST" skipped="0">
  <testcase classname="com.automation.automationexercises.testscenarios.HomePageTest" name="openUrlValidation" time="5.325"/>
  <system-out/>
  <testcase classname="com.automation.automationexercises.testscenarios.HomePageTest" name="contactUsOperation" time="6.723"/>
  <system-out/>
</testsuite> <!-- com.automation.automationexercises.testscenarios.HomePageTest -->
